2025-10-07 13:38:24,003 DEBUG    root            Loaded Command Group: ['gcloud', 'components']
2025-10-07 13:38:24,034 DEBUG    root            Loaded Command Group: ['gcloud', 'components', 'update']
2025-10-07 13:38:24,037 DEBUG    root            Running [gcloud.components.update] with arguments: [--quiet: "True", COMPONENT-IDS:8: "['gcloud', 'core', 'bq', 'gsutil', 'compute', 'preview', 'alpha', 'beta']"]
2025-10-07 13:38:24,038 INFO     ___FILE_ONLY___ Beginning update. This process may take several minutes.

2025-10-07 13:38:24,046 DEBUG    urllib3.connectionpool Starting new HTTPS connection (1): dl.google.com:443
2025-10-07 13:38:25,027 DEBUG    urllib3.connectionpool https://dl.google.com:443 "GET /dl/cloudsdk/channels/rapid/components-2.json HTTP/11" 200 233157
2025-10-07 13:38:25,039 WARNING  root            Component [compute] no longer exists.
2025-10-07 13:38:25,040 INFO     ___FILE_ONLY___ 

2025-10-07 13:38:25,040 INFO     ___FILE_ONLY___ 
Your current Google Cloud CLI version is: 542.0.0

2025-10-07 13:38:25,040 INFO     ___FILE_ONLY___ Installing components from version: 542.0.0

2025-10-07 13:38:25,040 INFO     ___FILE_ONLY___ 

2025-10-07 13:38:25,040 DEBUG    root            Chosen display Format:table[box,title="These components will be removed."](details.display_name:label=Name:align=left,version.version_string:label=Version:align=right,data.size.size(zero="",min=1048576):label=Size:align=right)
2025-10-07 13:38:25,041 DEBUG    root            Chosen display Format:table[box,title="These components will be updated."](details.display_name:label=Name:align=left,version.version_string:label=Version:align=right,data.size.size(zero="",min=1048576):label=Size:align=right)
2025-10-07 13:38:25,041 DEBUG    root            Chosen display Format:table[box,title="These components will be installed."](details.display_name:label=Name:align=left,version.version_string:label=Version:align=right,data.size.size(zero="",min=1048576):label=Size:align=right)
2025-10-07 13:38:25,057 INFO     ___FILE_ONLY___ ┌────────────────────────────────────────────────┐
2025-10-07 13:38:25,057 INFO     ___FILE_ONLY___ 

2025-10-07 13:38:25,057 INFO     ___FILE_ONLY___ │      These components will be installed.       │
2025-10-07 13:38:25,057 INFO     ___FILE_ONLY___ 

2025-10-07 13:38:25,057 INFO     ___FILE_ONLY___ ├─────────────────────────┬────────────┬─────────┤
2025-10-07 13:38:25,057 INFO     ___FILE_ONLY___ 

2025-10-07 13:38:25,057 INFO     ___FILE_ONLY___ │           Name          │  Version   │   Size  │
2025-10-07 13:38:25,057 INFO     ___FILE_ONLY___ 

2025-10-07 13:38:25,058 INFO     ___FILE_ONLY___ ├─────────────────────────┼────────────┼─────────┤
2025-10-07 13:38:25,058 INFO     ___FILE_ONLY___ 

2025-10-07 13:38:25,058 INFO     ___FILE_ONLY___ │ 
2025-10-07 13:38:25,058 INFO     ___FILE_ONLY___ gcloud Alpha Commands  
2025-10-07 13:38:25,058 INFO     ___FILE_ONLY___  
2025-10-07 13:38:25,058 INFO     ___FILE_ONLY___ │ 
2025-10-07 13:38:25,058 INFO     ___FILE_ONLY___ 2025.10.03
2025-10-07 13:38:25,058 INFO     ___FILE_ONLY___  
2025-10-07 13:38:25,058 INFO     ___FILE_ONLY___ │ 
2025-10-07 13:38:25,058 INFO     ___FILE_ONLY___ < 1 MiB
2025-10-07 13:38:25,058 INFO     ___FILE_ONLY___  
2025-10-07 13:38:25,058 INFO     ___FILE_ONLY___ │
2025-10-07 13:38:25,058 INFO     ___FILE_ONLY___ 

2025-10-07 13:38:25,058 INFO     ___FILE_ONLY___ │ 
2025-10-07 13:38:25,058 INFO     ___FILE_ONLY___ gcloud Beta Commands   
2025-10-07 13:38:25,058 INFO     ___FILE_ONLY___  
2025-10-07 13:38:25,058 INFO     ___FILE_ONLY___ │ 
2025-10-07 13:38:25,058 INFO     ___FILE_ONLY___ 2025.10.03
2025-10-07 13:38:25,058 INFO     ___FILE_ONLY___  
2025-10-07 13:38:25,058 INFO     ___FILE_ONLY___ │ 
2025-10-07 13:38:25,059 INFO     ___FILE_ONLY___ < 1 MiB
2025-10-07 13:38:25,059 INFO     ___FILE_ONLY___  
2025-10-07 13:38:25,059 INFO     ___FILE_ONLY___ │
2025-10-07 13:38:25,059 INFO     ___FILE_ONLY___ 

2025-10-07 13:38:25,059 INFO     ___FILE_ONLY___ │ 
2025-10-07 13:38:25,059 INFO     ___FILE_ONLY___ gcloud Preview Commands
2025-10-07 13:38:25,059 INFO     ___FILE_ONLY___  
2025-10-07 13:38:25,059 INFO     ___FILE_ONLY___ │ 
2025-10-07 13:38:25,059 INFO     ___FILE_ONLY___           
2025-10-07 13:38:25,059 INFO     ___FILE_ONLY___  
2025-10-07 13:38:25,059 INFO     ___FILE_ONLY___ │ 
2025-10-07 13:38:25,059 INFO     ___FILE_ONLY___ < 1 MiB
2025-10-07 13:38:25,059 INFO     ___FILE_ONLY___  
2025-10-07 13:38:25,059 INFO     ___FILE_ONLY___ │
2025-10-07 13:38:25,059 INFO     ___FILE_ONLY___ 

2025-10-07 13:38:25,059 INFO     ___FILE_ONLY___ └─────────────────────────┴────────────┴─────────┘
2025-10-07 13:38:25,059 INFO     ___FILE_ONLY___ 

2025-10-07 13:38:25,059 INFO     ___FILE_ONLY___ 

2025-10-07 13:38:25,062 DEBUG    urllib3.connectionpool Starting new HTTPS connection (1): dl.google.com:443
2025-10-07 13:38:26,070 DEBUG    urllib3.connectionpool https://dl.google.com:443 "GET /dl/cloudsdk/channels/rapid/RELEASE_NOTES HTTP/11" 200 1495872
2025-10-07 13:38:26,565 INFO     ___FILE_ONLY___ For the latest full release notes, please visit:
  https://cloud.google.com/sdk/release_notes


2025-10-07 13:38:26,565 INFO     ___FILE_ONLY___ Performing in place update...


2025-10-07 13:38:26,567 INFO     ___FILE_ONLY___ ╔════════════════════════════════════════════════════════════╗

2025-10-07 13:38:26,567 INFO     ___FILE_ONLY___ ╠═ Downloading: gcloud Alpha Commands                       ═╣

2025-10-07 13:38:26,567 INFO     ___FILE_ONLY___ ╚
2025-10-07 13:38:26,570 DEBUG    urllib3.connectionpool Starting new HTTPS connection (1): dl.google.com:443
2025-10-07 13:38:26,746 DEBUG    urllib3.connectionpool https://dl.google.com:443 "GET /dl/cloudsdk/channels/rapid/components/google-cloud-sdk-alpha-20251003162623.tar.gz HTTP/11" 200 800
2025-10-07 13:38:26,746 INFO     ___FILE_ONLY___ ════════════════════════════════════════════════════════════
2025-10-07 13:38:26,746 INFO     ___FILE_ONLY___ ╝

2025-10-07 13:38:26,748 INFO     ___FILE_ONLY___ ╔════════════════════════════════════════════════════════════╗

2025-10-07 13:38:26,749 INFO     ___FILE_ONLY___ ╠═ Downloading: gcloud Beta Commands                        ═╣

2025-10-07 13:38:26,749 INFO     ___FILE_ONLY___ ╚
2025-10-07 13:38:26,751 DEBUG    urllib3.connectionpool Starting new HTTPS connection (1): dl.google.com:443
2025-10-07 13:38:27,748 DEBUG    urllib3.connectionpool https://dl.google.com:443 "GET /dl/cloudsdk/channels/rapid/components/google-cloud-sdk-beta-20251003162623.tar.gz HTTP/11" 200 797
2025-10-07 13:38:27,748 INFO     ___FILE_ONLY___ ════════════════════════════════════════════════════════════
2025-10-07 13:38:27,749 INFO     ___FILE_ONLY___ ╝

2025-10-07 13:38:27,750 INFO     ___FILE_ONLY___ ╔════════════════════════════════════════════════════════════╗

2025-10-07 13:38:27,751 INFO     ___FILE_ONLY___ ╠═ Downloading: gcloud Preview Commands                     ═╣

2025-10-07 13:38:27,751 INFO     ___FILE_ONLY___ ╚
2025-10-07 13:38:27,753 DEBUG    urllib3.connectionpool Starting new HTTPS connection (1): dl.google.com:443
2025-10-07 13:38:28,781 DEBUG    urllib3.connectionpool https://dl.google.com:443 "GET /dl/cloudsdk/channels/rapid/components/google-cloud-sdk-preview-20241115154308.tar.gz HTTP/11" 200 823
2025-10-07 13:38:28,781 INFO     ___FILE_ONLY___ ════════════════════════════════════════════════════════════
2025-10-07 13:38:28,781 INFO     ___FILE_ONLY___ ╝

2025-10-07 13:38:28,783 INFO     ___FILE_ONLY___ ╔════════════════════════════════════════════════════════════╗

2025-10-07 13:38:28,783 INFO     ___FILE_ONLY___ ╠═ Installing: gcloud Alpha Commands                        ═╣

2025-10-07 13:38:28,784 INFO     ___FILE_ONLY___ ╚
2025-10-07 13:38:28,784 INFO     ___FILE_ONLY___ ════════════════════════════════════════════════════════════
2025-10-07 13:38:28,785 INFO     ___FILE_ONLY___ ╝

2025-10-07 13:38:28,789 INFO     ___FILE_ONLY___ ╔════════════════════════════════════════════════════════════╗

2025-10-07 13:38:28,790 INFO     ___FILE_ONLY___ ╠═ Installing: gcloud Beta Commands                         ═╣

2025-10-07 13:38:28,790 INFO     ___FILE_ONLY___ ╚
2025-10-07 13:38:28,790 INFO     ___FILE_ONLY___ ════════════════════════════════════════════════════════════
2025-10-07 13:38:28,790 INFO     ___FILE_ONLY___ ╝

2025-10-07 13:38:28,794 INFO     ___FILE_ONLY___ ╔════════════════════════════════════════════════════════════╗

2025-10-07 13:38:28,794 INFO     ___FILE_ONLY___ ╠═ Installing: gcloud Preview Commands                      ═╣

2025-10-07 13:38:28,795 INFO     ___FILE_ONLY___ ╚
2025-10-07 13:38:28,795 INFO     ___FILE_ONLY___ ════════════════════════════════════════════════════════════
2025-10-07 13:38:28,795 INFO     ___FILE_ONLY___ ╝

2025-10-07 13:38:28,800 DEBUG    root            Updating notification cache...
2025-10-07 13:38:28,800 INFO     ___FILE_ONLY___ 

2025-10-07 13:38:28,802 INFO     ___FILE_ONLY___ Performing post processing steps...
2025-10-07 13:38:28,803 DEBUG    root            Executing command: ['/tools/google-cloud-sdk/bin/gcloud', 'components', 'post-process']
2025-10-07 13:38:38,316 DEBUG    ___FILE_ONLY___ 
2025-10-07 13:38:38,316 DEBUG    ___FILE_ONLY___ 
2025-10-07 13:38:38,575 INFO     root            descriptor_list: [{'universeDomain': 'googleapis.com', 'universeShortName': '', 'authenticationDomain': 'auth.cloud.google.com', 'projectPrefix': '', 'cloudWebDomain': 'cloud.google.com', 'documentationDomain': 'cloud.google.com', 'version': '1.0.0', 'state': 'primary', 'artifactRegistryDomain': 'pkg.dev'}]
2025-10-07 13:38:38,575 INFO     ___FILE_ONLY___ 
Update done!


2025-10-07 13:38:38,578 DEBUG    root            Chosen display Format:none
2025-10-07 13:38:38,578 INFO     root            Display format: "none"
